<?xml version="1.0" encoding="UTF-8"?>
<beans
        xmlns="http://www.springframework.org/schema/beans"
        xmlns:xsi="http://www.w3.org/2001/XMLSchema-instance"
        xmlns:util="http://www.springframework.org/schema/util"
        xmlns:jdbc="http://www.springframework.org/schema/jdbc"
        xmlns:aop="http://www.springframework.org/schema/aop"
        xmlns:tx="http://www.springframework.org/schema/tx"
        xmlns:lang="http://www.springframework.org/schema/lang"
        xmlns:jms="http://www.springframework.org/schema/jms"
        xmlns:jee="http://www.springframework.org/schema/jee"
        xmlns:context="http://www.springframework.org/schema/context"
        xmlns:ehcache="http://ehcache-spring-annotations.googlecode.com/svn/schema/ehcache-spring"
        xmlns:jpa="http://www.springframework.org/schema/data/jpa"
        xsi:schemaLocation="
	http://www.springframework.org/schema/beans http://www.springframework.org/schema/beans/spring-beans-3.0.xsd
	http://www.springframework.org/schema/util http://www.springframework.org/schema/util/spring-util-3.0.xsd
	http://www.springframework.org/schema/aop http://www.springframework.org/schema/aop/spring-aop-3.0.xsd
	http://www.springframework.org/schema/tx http://www.springframework.org/schema/tx/spring-tx-3.0.xsd
	http://www.springframework.org/schema/lang http://www.springframework.org/schema/lang/spring-lang-3.0.xsd
	http://www.springframework.org/schema/jms http://www.springframework.org/schema/jms/spring-jms-3.0.xsd
	http://www.springframework.org/schema/jee http://www.springframework.org/schema/jee/spring-jee-3.0.xsd
	http://www.springframework.org/schema/context http://www.springframework.org/schema/context/spring-context-3.0.xsd
	http://ehcache-spring-annotations.googlecode.com/svn/schema/ehcache-spring http://ehcache-spring-annotations.googlecode.com/svn/schema/ehcache-spring/ehcache-spring-1.1.xsd
        http://www.springframework.org/schema/data/jpa http://www.springframework.org/schema/data/jpa/spring-jpa-1.3.xsd        
        http://www.springframework.org/schema/jdbc http://www.springframework.org/schema/jdbc/spring-jdbc-3.2.xsd        
">

    <import resource="classpath:diabetyk-web-core.xml"/>
    
    <bean id="entityManagerFactory" class="org.springframework.orm.jpa.LocalContainerEntityManagerFactoryBean">
        <property name="dataSource" ref="dataSource" />
        <property name="packagesToScan" value="pl.com.softproject.diabetyk.web.model" />
<!--        <property name="jpaProperties">
            <props>
                <prop key="hibernate.dialect">org.hibernate.dialect.PostgreSQLDialect</prop>
            </props>
            
        </property>-->

        <property name="jpaVendorAdapter">
            <bean class="org.springframework.orm.jpa.vendor.HibernateJpaVendorAdapter">
<!--                <property name="database" value="HSQL" />-->
                <property name="generateDdl" value="true" />
                <property name="showSql" value="true"/>
            </bean>
        </property>
    </bean>
    
    <jdbc:embedded-database id="dataSource">
        <jdbc:script location="classpath:user-tables.sql"/>
        <jdbc:script location="classpath:test-data.sql"/>
    </jdbc:embedded-database>
    
    <bean id="userDetailsManager" class="org.springframework.security.provisioning.JdbcUserDetailsManager">
        <property name="dataSource" ref="dataSource"/>
    </bean>
    
<!--    <bean id="userServiceImpl" class="pl.com.softproject.diabetyk.web.services.UserServiceImpl">
        <property name="userDetailsManager" value="userDetailsManager"/>
        
    </bean>-->
   
    
    
    
</beans>
